2018-12-06 18:05:37.806 [main] INFO  org.springframework.boot.test.context.SpringBootTestContextBootstrapper - Neither @ContextConfiguration nor @ContextHierarchy found for test class [com.example.demo.Demo2ApplicationTests], using SpringBootContextLoader
2018-12-06 18:05:37.826 [main] INFO  org.springframework.test.context.support.AbstractContextLoader - Could not detect default resource locations for test class [com.example.demo.Demo2ApplicationTests]: no resource found for suffixes {-context.xml, Context.groovy}.
2018-12-06 18:05:37.828 [main] INFO  org.springframework.test.context.support.AnnotationConfigContextLoaderUtils - Could not detect default configuration classes for test class [com.example.demo.Demo2ApplicationTests]: Demo2ApplicationTests does not declare any static, non-private, non-final, nested classes annotated with @Configuration.
2018-12-06 18:05:38.168 [main] INFO  org.springframework.boot.test.context.SpringBootTestContextBootstrapper - Found @SpringBootConfiguration com.example.demo.Demo2Application for test class com.example.demo.Demo2ApplicationTests
2018-12-06 18:05:38.575 [main] INFO  org.springframework.boot.test.context.SpringBootTestContextBootstrapper - Loaded default TestExecutionListener class names from location [META-INF/spring.factories]: [org.springframework.boot.test.mock.mockito.MockitoTestExecutionListener, org.springframework.boot.test.mock.mockito.ResetMocksTestExecutionListener, org.springframework.boot.test.autoconfigure.restdocs.RestDocsTestExecutionListener, org.springframework.boot.test.autoconfigure.web.client.MockRestServiceServerResetTestExecutionListener, org.springframework.boot.test.autoconfigure.web.servlet.MockMvcPrintOnlyOnFailureTestExecutionListener, org.springframework.boot.test.autoconfigure.web.servlet.WebDriverTestExecutionListener, org.springframework.test.context.web.ServletTestExecutionListener, org.springframework.test.context.support.DirtiesContextBeforeModesTestExecutionListener, org.springframework.test.context.support.DependencyInjectionTestExecutionListener, org.springframework.test.context.support.DirtiesContextTestExecutionListener, org.springframework.test.context.transaction.TransactionalTestExecutionListener, org.springframework.test.context.jdbc.SqlScriptsTestExecutionListener]
2018-12-06 18:05:38.643 [main] INFO  org.springframework.boot.test.context.SpringBootTestContextBootstrapper - Using TestExecutionListeners: [org.springframework.test.context.web.ServletTestExecutionListener@4f2b503c, org.springframework.test.context.support.DirtiesContextBeforeModesTestExecutionListener@bae7dc0, org.springframework.boot.test.mock.mockito.MockitoTestExecutionListener@209da20d, org.springframework.boot.test.autoconfigure.SpringBootDependencyInjectionTestExecutionListener@e15b7e8, org.springframework.test.context.support.DirtiesContextTestExecutionListener@1b2abca6, org.springframework.test.context.transaction.TransactionalTestExecutionListener@6392827e, org.springframework.test.context.jdbc.SqlScriptsTestExecutionListener@2ed2d9cb, org.springframework.boot.test.mock.mockito.ResetMocksTestExecutionListener@d5b810e, org.springframework.boot.test.autoconfigure.restdocs.RestDocsTestExecutionListener@43dac38f, org.springframework.boot.test.autoconfigure.web.client.MockRestServiceServerResetTestExecutionListener@342c38f8, org.springframework.boot.test.autoconfigure.web.servlet.MockMvcPrintOnlyOnFailureTestExecutionListener@c88a337, org.springframework.boot.test.autoconfigure.web.servlet.WebDriverTestExecutionListener@5d0a1059]
2018-12-06 18:05:39.252 [main] INFO  com.example.demo.Demo2ApplicationTests - Starting Demo2ApplicationTests on MICROSO-3A1CSRD with PID 9564 (started by Administrator in D:\workspace_git_0903_v1\demo2)
2018-12-06 18:05:39.254 [main] INFO  com.example.demo.Demo2ApplicationTests - No active profile set, falling back to default profiles: default
2018-12-06 18:05:39.324 [main] INFO  org.springframework.web.context.support.GenericWebApplicationContext - Refreshing org.springframework.web.context.support.GenericWebApplicationContext@24105dc5: startup date [Thu Dec 06 18:05:39 CST 2018]; root of context hierarchy
2018-12-06 18:05:42.084 [main] INFO  org.springframework.context.support.PostProcessorRegistrationDelegate$BeanPostProcessorChecker - Bean 'org.springframework.transaction.annotation.ProxyTransactionManagementConfiguration' of type [org.springframework.transaction.annotation.ProxyTransactionManagementConfiguration$$EnhancerBySpringCGLIB$$397615ec] is not eligible for getting processed by all BeanPostProcessors (for example: not eligible for auto-proxying)
2018-12-06 18:05:42.538 [main] INFO  com.zaxxer.hikari.HikariDataSource - HikariPool-1 - Starting...
2018-12-06 18:05:43.203 [main] INFO  com.zaxxer.hikari.HikariDataSource - HikariPool-1 - Start completed.
2018-12-06 18:05:43.306 [main] INFO  org.springframework.orm.jpa.LocalContainerEntityManagerFactoryBean - Building JPA container EntityManagerFactory for persistence unit 'default'
2018-12-06 18:05:43.442 [main] INFO  org.hibernate.jpa.internal.util.LogHelper - HHH000204: Processing PersistenceUnitInfo [
	name: default
	...]
2018-12-06 18:05:43.659 [main] INFO  org.hibernate.Version - HHH000412: Hibernate Core {5.2.17.Final}
2018-12-06 18:05:43.665 [main] INFO  org.hibernate.cfg.Environment - HHH000206: hibernate.properties not found
2018-12-06 18:05:43.783 [main] INFO  org.hibernate.annotations.common.Version - HCANN000001: Hibernate Commons Annotations {5.0.1.Final}
2018-12-06 18:05:44.112 [main] INFO  org.hibernate.dialect.Dialect - HHH000400: Using dialect: org.hibernate.dialect.MySQL5Dialect
2018-12-06 18:05:45.315 [main] INFO  org.springframework.orm.jpa.LocalContainerEntityManagerFactoryBean - Initialized JPA EntityManagerFactory for persistence unit 'default'
2018-12-06 18:05:47.132 [main] INFO  org.springframework.web.servlet.handler.SimpleUrlHandlerMapping - Mapped URL path [/**/favicon.ico] onto handler of type [class org.springframework.web.servlet.resource.ResourceHttpRequestHandler]
2018-12-06 18:05:48.020 [main] INFO  org.springframework.web.servlet.mvc.method.annotation.RequestMappingHandlerAdapter - Looking for @ControllerAdvice: org.springframework.web.context.support.GenericWebApplicationContext@24105dc5: startup date [Thu Dec 06 18:05:39 CST 2018]; root of context hierarchy
2018-12-06 18:05:48.107 [main] WARN  org.springframework.boot.autoconfigure.orm.jpa.JpaBaseConfiguration$JpaWebConfiguration$JpaWebMvcConfiguration - spring.jpa.open-in-view is enabled by default. Therefore, database queries may be performed during view rendering. Explicitly configure spring.jpa.open-in-view to disable this warning
2018-12-06 18:05:48.191 [main] INFO  org.springframework.web.servlet.mvc.method.annotation.RequestMappingHandlerMapping - Mapped "{[/test/getUserInfo]}" onto public java.lang.String com.example.demo.controller.TestController.getUserInfo(java.lang.String)
2018-12-06 18:05:48.192 [main] INFO  org.springframework.web.servlet.mvc.method.annotation.RequestMappingHandlerMapping - Mapped "{[/test/getAddressInfo]}" onto public java.lang.String com.example.demo.controller.TestController.getAddressInfo(java.lang.String)
2018-12-06 18:05:48.193 [main] INFO  org.springframework.web.servlet.mvc.method.annotation.RequestMappingHandlerMapping - Mapped "{[/test/hi]}" onto public java.lang.String com.example.demo.controller.TestController.sayHi(java.lang.String)
2018-12-06 18:05:48.204 [main] INFO  org.springframework.web.servlet.mvc.method.annotation.RequestMappingHandlerMapping - Mapped "{[/error]}" onto public org.springframework.http.ResponseEntity<java.util.Map<java.lang.String, java.lang.Object>> org.springframework.boot.autoconfigure.web.servlet.error.BasicErrorController.error(javax.servlet.http.HttpServletRequest)
2018-12-06 18:05:48.205 [main] INFO  org.springframework.web.servlet.mvc.method.annotation.RequestMappingHandlerMapping - Mapped "{[/error],produces=[text/html]}" onto public org.springframework.web.servlet.ModelAndView org.springframework.boot.autoconfigure.web.servlet.error.BasicErrorController.errorHtml(javax.servlet.http.HttpServletRequest,javax.servlet.http.HttpServletResponse)
2018-12-06 18:05:48.238 [main] INFO  org.springframework.web.servlet.handler.BeanNameUrlHandlerMapping - Root mapping to handler '/'
2018-12-06 18:05:48.248 [main] INFO  org.springframework.web.servlet.handler.SimpleUrlHandlerMapping - Mapped URL path [/webjars/**] onto handler of type [class org.springframework.web.servlet.resource.ResourceHttpRequestHandler]
2018-12-06 18:05:48.249 [main] INFO  org.springframework.web.servlet.handler.SimpleUrlHandlerMapping - Mapped URL path [/**] onto handler of type [class org.springframework.web.servlet.resource.ResourceHttpRequestHandler]
2018-12-06 18:05:48.650 [main] INFO  com.example.demo.Demo2ApplicationTests - Started Demo2ApplicationTests in 9.921 seconds (JVM running for 13.192)
2018-12-06 18:05:49.224 [Thread-2] INFO  org.springframework.web.context.support.GenericWebApplicationContext - Closing org.springframework.web.context.support.GenericWebApplicationContext@24105dc5: startup date [Thu Dec 06 18:05:39 CST 2018]; root of context hierarchy
2018-12-06 18:05:49.227 [Thread-2] INFO  org.springframework.orm.jpa.LocalContainerEntityManagerFactoryBean - Closing JPA EntityManagerFactory for persistence unit 'default'
2018-12-06 18:05:49.262 [Thread-2] INFO  com.zaxxer.hikari.HikariDataSource - HikariPool-1 - Shutdown initiated...
2018-12-06 18:05:49.291 [Thread-2] INFO  com.zaxxer.hikari.HikariDataSource - HikariPool-1 - Shutdown completed.
